<?xml version="1.0" encoding="UTF-8"?>
<testsuite name="Reservar Escenario Deportivo" tests="1" skipped="0" failures="0" errors="0" timestamp="2022-05-26T19:09:47" hostname="PCSANTI" time="78.33">
  <properties/>
  <testcase name="Reserva exitosa Elkin" classname="Reservar Escenario Deportivo" time="78.33"/>
  <system-out><![CDATA[


















































































Jugadores Elkin
TamaÃ±o: 7
Tipo :dula de Ciudadan
COntador :1










Tipo :dula de Ciudadan
COntador :2










Tipo :dula de Ciudadan
COntador :3










Tipo :dula de Ciudadan
COntador :4










Tipo :dula de Ciudadan
COntador :5










Tipo :dula de Ciudadan
COntador :6










Tipo :dula de Ciudadan
COntador :7





















SE HA RESERVADO EXITOSAMENTE EN LA Fecha: 2022-06-13 y 2022-06-13










]]></system-out>
  <system-err><![CDATA[Starting ChromeDriver 101.0.4951.41 (93c720db8323b3ec10d056025ab95c23a31997c9-refs/branch-heads/4951@{#904}) on port 5982
Only local connections are allowed.
Please see https://chromedriver.chromium.org/security-considerations for suggestions on keeping ChromeDriver safe.
ChromeDriver was started successfully.
[1653592189.572][WARNING]: This version of ChromeDriver has not been tested with Chrome version 102.
may 26, 2022 2:09:49 PM org.openqa.selenium.remote.ProtocolHandshake createSession
INFORMACIÓN: Detected dialect: W3C
[Test worker] INFO net.thucydides.core.steps.ConsoleLoggingListener - 
        __    _____ _____ ____ _____   ____   _    ____  ____  _____ ____  
  _     \ \  |_   _| ____/ ___|_   _| |  _ \ / \  / ___|/ ___|| ____|  _ \ 
 (_)_____| |   | | |  _| \___ \ | |   | |_) / _ \ \___ \\___ \|  _| | | | |
  _|_____| |   | | | |___ ___) || |   |  __/ ___ \ ___) |___) | |___| |_| |
 (_)     | |   |_| |_____|____/ |_|   |_| /_/   \_\____/|____/|_____|____/ 
        /_/                                                                

TEST PASSED: Reserva exitosa Elkin
----------------------------------------------------------------------------
]]></system-err>
</testsuite>
